<?xml version="1.0" encoding="UTF-8"?>
<!-- Generated by org.testng.reporters.JUnitXMLReporter -->
<testsuite hostname="LEE-W8" ignored="0" name="Default test" tests="3" failures="0" timestamp="23 Feb 2017 00:36:05 GMT" time="19.84" errors="0">
  <testcase name="verifyGooglePage" time="2.718" classname="mig_tests.MIGTests"/>
  <testcase name="verifyMIWSearchOnGoogle" time="1.882" classname="mig_tests.MIGTests"/>
  <testcase name="verifyRitchieBrosAuctioneersSearch_Caterpilar" time="10.654" classname="mig_tests.MIGTests"/>
</testsuite> <!-- Default test -->
