<?xml version="1.0" encoding="UTF-8"?>
<!-- Generated by org.testng.reporters.JUnitXMLReporter -->
<testsuite hostname="LEE-W8" ignored="0" name="Test" tests="3" failures="0" timestamp="23 Feb 2017 01:10:17 GMT" time="32.076" errors="0">
  <testcase name="verifyGooglePage" time="4.509" classname="mig_tests.MIGTests"/>
  <testcase name="verifyMIWSearchOnGoogle" time="2.861" classname="mig_tests.MIGTests"/>
  <testcase name="verifyRitchieBrosAuctioneersSearch_Caterpilar" time="19.299" classname="mig_tests.MIGTests"/>
</testsuite> <!-- Test -->
